  pa7ex2.cpp
C:\Users\Ricardo\source\repos\pa7ex2\pa7ex2\abstract_hash_map.h(25,14): error C2039: 'vector': is not a member of 'std'
  (compiling source file 'pa7ex2.cpp')
      C:\Program Files\Microsoft Visual Studio\2022\Community\VC\Tools\MSVC\14.41.34120\include\fstream(20,1):
      see declaration of 'std'
      C:\Users\Ricardo\source\repos\pa7ex2\pa7ex2\abstract_hash_map.h(25,14):
      the template instantiation context (the oldest one first) is
          C:\Users\Ricardo\source\repos\pa7ex2\pa7ex2\abstract_hash_map.h(8,7):
          while compiling class template 'dsac::map::AbstractHashMap'
  
C:\Users\Ricardo\source\repos\pa7ex2\pa7ex2\abstract_hash_map.h(25,28): error C3861: 'buffer': identifier not found
  (compiling source file 'pa7ex2.cpp')
  
C:\Users\Ricardo\source\repos\pa7ex2\pa7ex2\abstract_hash_map.h(27,13): error C3861: 'buffer': identifier not found
  (compiling source file 'pa7ex2.cpp')
  
C:\Users\Ricardo\source\repos\pa7ex2\pa7ex2\abstract_hash_map.h(31,24): error C3861: 'buffer': identifier not found
  (compiling source file 'pa7ex2.cpp')
  
C:\Users\Ricardo\source\repos\pa7ex2\pa7ex2\abstract_hash_map.h(25,28): error C2065: 'buffer': undeclared identifier
  (compiling source file 'pa7ex2.cpp')
  
C:\Users\Ricardo\source\repos\pa7ex2\pa7ex2\abstract_hash_map.h(27,13): error C2065: 'buffer': undeclared identifier
  (compiling source file 'pa7ex2.cpp')
  
C:\Users\Ricardo\source\repos\pa7ex2\pa7ex2\abstract_hash_map.h(31,24): error C2065: 'buffer': undeclared identifier
  (compiling source file 'pa7ex2.cpp')
  
C:\Users\Ricardo\source\repos\pa7ex2\pa7ex2\unordered_list_map.h(23,29): error C2516: 'dsac::map::UnorderedListMap<Key,Value>::abstract_iter_rep': is not a legal base class
  (compiling source file 'pa7ex2.cpp')
      C:\Users\Ricardo\source\repos\pa7ex2\pa7ex2\unordered_list_map.h(15,5):
      see declaration of 'dsac::map::UnorderedListMap<Key,Value>::abstract_iter_rep'
      C:\Users\Ricardo\source\repos\pa7ex2\pa7ex2\unordered_list_map.h(23,29):
      the template instantiation context (the oldest one first) is
          C:\Users\Ricardo\source\repos\pa7ex2\pa7ex2\unordered_list_map.h(9,7):
          while compiling class template 'dsac::map::UnorderedListMap'
          C:\Users\Ricardo\source\repos\pa7ex2\pa7ex2\unordered_list_map.h(23,11):
          while compiling class 'dsac::map::UnorderedListMap<Key,Value>::iter_rep'
  
C:\Users\Ricardo\source\repos\pa7ex2\pa7ex2\chain_hash_map.h(31,29): error C2516: 'dsac::map::ChainHashMap<Key,Value,Hash>::operator abstract_iter_rep': is not a legal base class
  (compiling source file 'pa7ex2.cpp')
      C:\Users\Ricardo\source\repos\pa7ex2\pa7ex2\chain_hash_map.h(19,5):
      see declaration of 'dsac::map::ChainHashMap<Key,Value,Hash>::operator abstract_iter_rep'
      C:\Users\Ricardo\source\repos\pa7ex2\pa7ex2\chain_hash_map.h(31,29):
      the template instantiation context (the oldest one first) is
          C:\Users\Ricardo\source\repos\pa7ex2\pa7ex2\chain_hash_map.h(13,7):
          while compiling class template 'dsac::map::ChainHashMap'
          C:\Users\Ricardo\source\repos\pa7ex2\pa7ex2\chain_hash_map.h(31,11):
          while compiling class 'dsac::map::ChainHashMap<Key,Value,Hash>::iter_rep'
  
